This is pdfTeX, Version 3.14159265-2.6-1.40.15 (TeX Live 2014/W32TeX) (preloaded format=pdflatex 2014.8.21)  21 AUG 2014 16:31
entering extended mode
 restricted \write18 enabled.
 %&-line parsing enabled.
**00-cover.tex
(./00-cover.tex
LaTeX2e <2014/05/01>
Babel <3.9k> and hyphenation patterns for 20 languages loaded.
(./latexonly

! LaTeX Error: \section undefined.

See the LaTeX manual or LaTeX Companion for explanation.
Type  H <return>  for immediate help.
 ...                                              
                                                  
l.30 \renewcommand{\section}
                            {\@startsection
? h
Try typing  <return>  to proceed.
If that doesn't work, type  X <return>  to quit.
? x
 
Here is how much of TeX's memory you used:
 10 strings out of 494390
 301 string characters out of 6169024
 47471 words of memory out of 5000000
 3479 multiletter control sequences out of 15000+600000
 3640 words of font info for 14 fonts, out of 8000000 for 9000
 359 hyphenation exceptions out of 8191
 9i,0n,5p,109b,14s stack positions out of 5000i,500n,10000p,200000b,80000s
No pages of output.
PDF statistics:
 0 PDF objects out of 1000 (max. 8388607)
 0 named destinations out of 1000 (max. 500000)
 1 words of extra memory for PDF output out of 10000 (max. 10000000)

